<?xml version="1.0" encoding="UTF-8"?>
<!-- Generated by org.testng.reporters.JUnitReportReporter -->
<testsuite hostname="Badawi" failures="0" tests="13" name="QA_Bootcamp.Badawi_Test.TS3_DeleteTask" time="222.468" errors="0" timestamp="2025-09-23T05:28:03 EEST" skipped="0">
  <testcase classname="QA_Bootcamp.Badawi_Test.TS3_DeleteTask" name="AddDemoTasks" time="20.940"/>
  <testcase classname="QA_Bootcamp.Badawi_Test.TS3_DeleteTask" name="DeleteTask" time="5.236"/>
  <testcase classname="QA_Bootcamp.Badawi_Test.TS3_DeleteTask" name="CancelDeleteTask" time="5.695"/>
  <testcase classname="QA_Bootcamp.Badawi_Test.TS3_DeleteTask" name="DeleteFromTask" time="4.786"/>
  <testcase classname="QA_Bootcamp.Badawi_Test.TS3_DeleteTask" name="DeleteMultipleTasks" time="30.208"/>
  <testcase classname="QA_Bootcamp.Badawi_Test.TS3_DeleteTask" name="DeleteAllTask" time="31.365"/>
  <testcase classname="QA_Bootcamp.Badawi_Test.TS3_DeleteTask" name="ClearCompleteTask" time="17.659"/>
  <testcase classname="QA_Bootcamp.Badawi_Test.TS3_DeleteTask" name="DeleteMixedTask" time="28.857"/>
  <testcase classname="QA_Bootcamp.Badawi_Test.TS3_DeleteTask" name="DeleteFromSearch" time="16.280"/>
  <testcase classname="QA_Bootcamp.Badawi_Test.TS3_DeleteTask" name="DeletePriority1" time="15.095"/>
  <testcase classname="QA_Bootcamp.Badawi_Test.TS3_DeleteTask" name="DeletePriority2" time="15.321"/>
  <testcase classname="QA_Bootcamp.Badawi_Test.TS3_DeleteTask" name="DeletePriority3" time="15.728"/>
  <testcase classname="QA_Bootcamp.Badawi_Test.TS3_DeleteTask" name="DeletePriority4" time="15.298"/>
</testsuite> <!-- QA_Bootcamp.Badawi_Test.TS3_DeleteTask -->
