<?xml version="1.0" encoding="UTF-8"?>
<!-- Generated by org.testng.reporters.JUnitReportReporter -->
<testsuite hostname="Badawi" failures="0" tests="1" name="Badawi_Test.Add_task" time="8.466" errors="0" timestamp="2025-09-19T22:11:20 EEST" skipped="0">
  <testcase classname="Badawi_Test.Add_task" name="testAddSimpleTask" time="8.466"/>
</testsuite> <!-- Badawi_Test.Add_task -->
