<?xml version="1.0" encoding="UTF-8"?>
<!-- Generated by org.testng.reporters.JUnitReportReporter -->
<testsuite hostname="Badawi" failures="0" tests="1" name="wf1_2_9.TS2_LoginTest" time="11.506" errors="0" timestamp="2025-09-19T14:25:24 EEST" skipped="0">
  <testcase classname="wf1_2_9.TS2_LoginTest" name="testLogin" time="11.506"/>
</testsuite> <!-- wf1_2_9.TS2_LoginTest -->
