<?xml version="1.0" encoding="UTF-8"?>
<!-- Generated by org.testng.reporters.JUnitReportReporter -->
<testsuite hostname="Badawi" failures="0" tests="12" name="Badawi_Test.TS4_CompleteTask" time="204.578" errors="0" timestamp="2025-09-22T02:21:45 EEST" skipped="0">
  <testcase classname="Badawi_Test.TS4_CompleteTask" name="AddDemoTasks" time="20.067"/>
  <testcase classname="Badawi_Test.TS4_CompleteTask" name="MarkTaskComplete" time="2.935"/>
  <testcase classname="Badawi_Test.TS4_CompleteTask" name="UndoCompletion" time="0.734"/>
  <testcase classname="Badawi_Test.TS4_CompleteTask" name="MarkTaskUncomplete" time="4.262"/>
  <testcase classname="Badawi_Test.TS4_CompleteTask" name="RabidCompleteClick" time="26.592"/>
  <testcase classname="Badawi_Test.TS4_CompleteTask" name="MarkTaskUncompleteDetail" time="19.276"/>
  <testcase classname="Badawi_Test.TS4_CompleteTask" name="MarkTaskCompleteDetail" time="16.082"/>
  <testcase classname="Badawi_Test.TS4_CompleteTask" name="MarkCompleteWithSubtasks" time="24.675"/>
  <testcase classname="Badawi_Test.TS4_CompleteTask" name="CompletePriority1" time="22.800"/>
  <testcase classname="Badawi_Test.TS4_CompleteTask" name="CompletePriority2" time="22.029"/>
  <testcase classname="Badawi_Test.TS4_CompleteTask" name="CompletePriority3" time="23.171"/>
  <testcase classname="Badawi_Test.TS4_CompleteTask" name="CompletePriority4" time="21.955"/>
</testsuite> <!-- Badawi_Test.TS4_CompleteTask -->
