<?xml version="1.0" encoding="UTF-8"?>
<!-- Generated by org.testng.reporters.JUnitReportReporter -->
<testsuite hostname="Badawi" failures="0" tests="14" name="QA_Bootcamp.Hala_Test.TS1_AddTask" time="197.496" errors="0" timestamp="2025-09-23T05:28:03 EEST" skipped="0">
  <testcase classname="QA_Bootcamp.Hala_Test.TS1_AddTask" name="testAddSimpleTask" time="13.086"/>
  <testcase classname="QA_Bootcamp.Hala_Test.TS1_AddTask" name="testAddEmptyTaskTitle" time="3.542"/>
  <testcase classname="QA_Bootcamp.Hala_Test.TS1_AddTask" name="testAddInvalidTaskTitle" time="11.059"/>
  <testcase classname="QA_Bootcamp.Hala_Test.TS1_AddTask" name="testAddTaskWithPriority" time="13.193"/>
  <testcase classname="QA_Bootcamp.Hala_Test.TS1_AddTask" name="testAddTaskWithDueDateToday" time="14.800"/>
  <testcase classname="QA_Bootcamp.Hala_Test.TS1_AddTask" name="testAddTaskWithDueDateTomorrow" time="16.018"/>
  <testcase classname="QA_Bootcamp.Hala_Test.TS1_AddTask" name="testAddTaskWithExpiredDate" time="16.180"/>
  <testcase classname="QA_Bootcamp.Hala_Test.TS1_AddTask" name="test_Invalid_Date" time="19.497"/>
  <testcase classname="QA_Bootcamp.Hala_Test.TS1_AddTask" name="testAddTaskWithoutDueDate" time="13.488"/>
  <testcase classname="QA_Bootcamp.Hala_Test.TS1_AddTask" name="testAddTagAndTaskWithTag" time="16.849"/>
  <testcase classname="QA_Bootcamp.Hala_Test.TS1_AddTask" name="addSubtaskAndVerify" time="17.218"/>
  <testcase classname="QA_Bootcamp.Hala_Test.TS1_AddTask" name="testAddTaskWithDescription" time="13.126"/>
  <testcase classname="QA_Bootcamp.Hala_Test.TS1_AddTask" name="testAddTaskWithDailyRecurrence" time="13.830"/>
  <testcase classname="QA_Bootcamp.Hala_Test.TS1_AddTask" name="testDuplicatedTask" time="15.610"/>
</testsuite> <!-- QA_Bootcamp.Hala_Test.TS1_AddTask -->
