<?xml version="1.0" encoding="UTF-8"?>
<!-- Generated by org.testng.reporters.JUnitReportReporter -->
<testsuite hostname="Badawi" failures="0" tests="15" name="QA_Bootcamp.Saif_Test.TestingS" time="322.495" errors="0" timestamp="2025-09-23T05:28:03 EEST" skipped="0">
  <testcase classname="QA_Bootcamp.Saif_Test.TestingS" name="testEnableAndAddReminder" time="16.198"/>
  <testcase classname="QA_Bootcamp.Saif_Test.TestingS" name="testEditDueDateReminder" time="7.859"/>
  <testcase classname="QA_Bootcamp.Saif_Test.TestingS" name="testSetDueDateThenClear" time="9.231"/>
  <testcase classname="QA_Bootcamp.Saif_Test.TestingS" name="testAddReminderWhenStarted" time="16.815"/>
  <testcase classname="QA_Bootcamp.Saif_Test.TestingS" name="testAddReminderWhenOverdue" time="13.619"/>
  <testcase classname="QA_Bootcamp.Saif_Test.TestingS" name="testMultipleReminders" time="34.659"/>
  <testcase classname="QA_Bootcamp.Saif_Test.TestingS" name="testEditMultipleRemindersTo20Min" time="136.831"/>
  <testcase classname="QA_Bootcamp.Saif_Test.TestingS" name="testRemoveMultipleReminders" time="11.612"/>
  <testcase classname="QA_Bootcamp.Saif_Test.TestingS" name="testRemoveDefaultWhenDueReminder" time="8.601"/>
  <testcase classname="QA_Bootcamp.Saif_Test.TestingS" name="testAddAfterRemovingReminder" time="20.974"/>
  <testcase classname="QA_Bootcamp.Saif_Test.TestingS" name="testAddReminderPickDateTime" time="15.077"/>
  <testcase classname="QA_Bootcamp.Saif_Test.TestingS" name="testCreateRecurringTaskDaily" time="9.253"/>
  <testcase classname="QA_Bootcamp.Saif_Test.TestingS" name="testCreateRecurringTaskWeekly" time="12.812"/>
  <testcase classname="QA_Bootcamp.Saif_Test.TestingS" name="testEditRecurringTaskToDaily" time="4.499"/>
  <testcase classname="QA_Bootcamp.Saif_Test.TestingS" name="testRemoveRecurringFromTask" time="4.455"/>
</testsuite> <!-- QA_Bootcamp.Saif_Test.TestingS -->
