<?xml version="1.0" encoding="UTF-8"?>
<!-- Generated by org.testng.reporters.JUnitReportReporter -->
<testsuite hostname="Badawi" failures="0" tests="10" name="Badawi_Test.TS3_DeleteTask" time="167.386" errors="0" timestamp="2025-09-21T22:37:57 EEST" skipped="0">
  <testcase classname="Badawi_Test.TS3_DeleteTask" name="AddDemoTasks" time="19.480"/>
  <testcase classname="Badawi_Test.TS3_DeleteTask" name="DeleteTask" time="4.742"/>
  <testcase classname="Badawi_Test.TS3_DeleteTask" name="CancelDeleteTask" time="5.196"/>
  <testcase classname="Badawi_Test.TS3_DeleteTask" name="DeleteFromTask" time="4.295"/>
  <testcase classname="Badawi_Test.TS3_DeleteTask" name="DeleteMultipleTasks" time="28.897"/>
  <testcase classname="Badawi_Test.TS3_DeleteTask" name="DeleteAllTask" time="29.418"/>
  <testcase classname="Badawi_Test.TS3_DeleteTask" name="ClearCompleteTask" time="17.178"/>
  <testcase classname="Badawi_Test.TS3_DeleteTask" name="DeleteMixedTask" time="27.667"/>
  <testcase classname="Badawi_Test.TS3_DeleteTask" name="DeleteFromSearch" time="15.934"/>
  <testcase classname="Badawi_Test.TS3_DeleteTask" name="DeletePriority1" time="14.579"/>
</testsuite> <!-- Badawi_Test.TS3_DeleteTask -->
