<?xml version="1.0" encoding="UTF-8"?>
<!-- Generated by org.testng.reporters.JUnitReportReporter -->
<testsuite hostname="Badawi" failures="0" tests="15" name="WF_Ahmed.Test_Search" time="62.395" errors="0" timestamp="2025-09-23T04:10:46 EEST" skipped="0">
  <testcase classname="WF_Ahmed.Test_Search" name="AddDemoTask" time="13.504"/>
  <testcase classname="WF_Ahmed.Test_Search" name="validInvalidSearchTest" time="3.372"/>
  <testcase classname="WF_Ahmed.Test_Search" name="validInvalidSearchTest" time="3.118"/>
  <testcase classname="WF_Ahmed.Test_Search" name="validInvalidSearchTest" time="3.329"/>
  <testcase classname="WF_Ahmed.Test_Search" name="validInvalidSearchTest" time="3.608"/>
  <testcase classname="WF_Ahmed.Test_Search" name="validInvalidSearchTest" time="4.643"/>
  <testcase classname="WF_Ahmed.Test_Search" name="validInvalidSearchTest" time="3.346"/>
  <testcase classname="WF_Ahmed.Test_Search" name="validInvalidSearchTest" time="3.495"/>
  <testcase classname="WF_Ahmed.Test_Search" name="validInvalidSearchTest" time="3.811"/>
  <testcase classname="WF_Ahmed.Test_Search" name="validInvalidSearchTest" time="3.167"/>
  <testcase classname="WF_Ahmed.Test_Search" name="resetSearchBarTest" time="3.843"/>
  <testcase classname="WF_Ahmed.Test_Search" name="resetSearchBarTest" time="3.756"/>
  <testcase classname="WF_Ahmed.Test_Search" name="resetSearchBarTest" time="3.949"/>
  <testcase classname="WF_Ahmed.Test_Search" name="resetSearchBarTest" time="4.687"/>
  <testcase classname="WF_Ahmed.Test_Search" name="collapseArrowTest" time="0.767"/>
</testsuite> <!-- WF_Ahmed.Test_Search -->
