<?xml version="1.0" encoding="UTF-8"?>
<!-- Generated by org.testng.reporters.JUnitReportReporter -->
<testsuite hostname="Badawi" failures="0" tests="14" name="QA_Bootcamp.Hala_Test.TS3_AddTask" time="193.038" errors="0" timestamp="2025-09-22T23:43:47 EEST" skipped="0">
  <testcase classname="QA_Bootcamp.Hala_Test.TS3_AddTask" name="testAddSimpleTask" time="12.069"/>
  <testcase classname="QA_Bootcamp.Hala_Test.TS3_AddTask" name="testAddEmptyTaskTitle" time="3.352"/>
  <testcase classname="QA_Bootcamp.Hala_Test.TS3_AddTask" name="testAddInvalidTaskTitle" time="12.261"/>
  <testcase classname="QA_Bootcamp.Hala_Test.TS3_AddTask" name="testAddTaskWithPriority" time="12.864"/>
  <testcase classname="QA_Bootcamp.Hala_Test.TS3_AddTask" name="testAddTaskWithDueDateToday" time="15.009"/>
  <testcase classname="QA_Bootcamp.Hala_Test.TS3_AddTask" name="testAddTaskWithDueDateTomorrow" time="15.080"/>
  <testcase classname="QA_Bootcamp.Hala_Test.TS3_AddTask" name="testAddTaskWithExpiredDate" time="15.248"/>
  <testcase classname="QA_Bootcamp.Hala_Test.TS3_AddTask" name="test_Invalid_Date" time="19.088"/>
  <testcase classname="QA_Bootcamp.Hala_Test.TS3_AddTask" name="testAddTaskWithoutDueDate" time="13.508"/>
  <testcase classname="QA_Bootcamp.Hala_Test.TS3_AddTask" name="testAddTagAndTaskWithTag" time="16.724"/>
  <testcase classname="QA_Bootcamp.Hala_Test.TS3_AddTask" name="addSubtaskAndVerify" time="16.803"/>
  <testcase classname="QA_Bootcamp.Hala_Test.TS3_AddTask" name="testAddTaskWithDescription" time="12.397"/>
  <testcase classname="QA_Bootcamp.Hala_Test.TS3_AddTask" name="testAddTaskWithDailyRecurrence" time="13.921"/>
  <testcase classname="QA_Bootcamp.Hala_Test.TS3_AddTask" name="testDuplicatedTask" time="14.714"/>
</testsuite> <!-- QA_Bootcamp.Hala_Test.TS3_AddTask -->
