<?xml version="1.0" encoding="UTF-8"?>
<!-- Generated by org.testng.reporters.JUnitReportReporter -->
<testsuite hostname="Badawi" failures="0" tests="10" name="Badawi_Test.SaifTest" time="156.138" errors="0" timestamp="2025-09-21T03:29:28 EEST" skipped="0">
  <testcase classname="Badawi_Test.SaifTest" name="testEnableAndAddReminder" time="20.058"/>
  <testcase classname="Badawi_Test.SaifTest" name="testEditDueDateReminder" time="8.492"/>
  <testcase classname="Badawi_Test.SaifTest" name="testSetDueDateThenClear" time="10.537"/>
  <testcase classname="Badawi_Test.SaifTest" name="testAddReminderWhenStarted" time="7.573"/>
  <testcase classname="Badawi_Test.SaifTest" name="testAddReminderWhenOverdue" time="7.737"/>
  <testcase classname="Badawi_Test.SaifTest" name="testMultipleReminders" time="36.646"/>
  <testcase classname="Badawi_Test.SaifTest" name="testEditMultipleRemindersTo20Min" time="23.084"/>
  <testcase classname="Badawi_Test.SaifTest" name="testRemoveMultipleReminders" time="21.229"/>
  <testcase classname="Badawi_Test.SaifTest" name="testInvalidEmptyTaskReminder" time="2.505"/>
  <testcase classname="Badawi_Test.SaifTest" name="testAddAfterRemovingReminder" time="18.277"/>
</testsuite> <!-- Badawi_Test.SaifTest -->
