<?xml version="1.0" encoding="UTF-8"?>
<!-- Generated by org.testng.reporters.JUnitReportReporter -->
<testsuite hostname="Badawi" failures="0" tests="12" name="QA_Bootcamp.Badawi_Test.TS4_CompleteTask" time="208.597" errors="0" timestamp="2025-09-23T05:28:03 EEST" skipped="0">
  <testcase classname="QA_Bootcamp.Badawi_Test.TS4_CompleteTask" name="AddDemoTasks" time="20.971"/>
  <testcase classname="QA_Bootcamp.Badawi_Test.TS4_CompleteTask" name="MarkTaskComplete" time="3.552"/>
  <testcase classname="QA_Bootcamp.Badawi_Test.TS4_CompleteTask" name="UndoCompletion" time="0.132"/>
  <testcase classname="QA_Bootcamp.Badawi_Test.TS4_CompleteTask" name="MarkTaskUncomplete" time="4.236"/>
  <testcase classname="QA_Bootcamp.Badawi_Test.TS4_CompleteTask" name="RabidCompleteClick" time="26.726"/>
  <testcase classname="QA_Bootcamp.Badawi_Test.TS4_CompleteTask" name="MarkTaskUncompleteDetail" time="19.566"/>
  <testcase classname="QA_Bootcamp.Badawi_Test.TS4_CompleteTask" name="MarkTaskCompleteDetail" time="16.095"/>
  <testcase classname="QA_Bootcamp.Badawi_Test.TS4_CompleteTask" name="MarkCompleteWithSubtasks" time="26.099"/>
  <testcase classname="QA_Bootcamp.Badawi_Test.TS4_CompleteTask" name="CompletePriority1" time="22.970"/>
  <testcase classname="QA_Bootcamp.Badawi_Test.TS4_CompleteTask" name="CompletePriority2" time="23.245"/>
  <testcase classname="QA_Bootcamp.Badawi_Test.TS4_CompleteTask" name="CompletePriority3" time="22.687"/>
  <testcase classname="QA_Bootcamp.Badawi_Test.TS4_CompleteTask" name="CompletePriority4" time="22.318"/>
</testsuite> <!-- QA_Bootcamp.Badawi_Test.TS4_CompleteTask -->
