<?xml version="1.0" encoding="UTF-8"?>
<!-- Generated by org.testng.reporters.JUnitReportReporter -->
<testsuite hostname="Badawi" failures="0" tests="15" name="QA_Bootcamp.Ahmed_Test.Test_Search" time="64.698" errors="0" timestamp="2025-09-23T05:28:02 EEST" skipped="0">
  <testcase classname="QA_Bootcamp.Ahmed_Test.Test_Search" name="AddDemoTask" time="14.063"/>
  <testcase classname="QA_Bootcamp.Ahmed_Test.Test_Search" name="validInvalidSearchTest" time="4.650"/>
  <testcase classname="QA_Bootcamp.Ahmed_Test.Test_Search" name="validInvalidSearchTest" time="3.379"/>
  <testcase classname="QA_Bootcamp.Ahmed_Test.Test_Search" name="validInvalidSearchTest" time="3.455"/>
  <testcase classname="QA_Bootcamp.Ahmed_Test.Test_Search" name="validInvalidSearchTest" time="3.391"/>
  <testcase classname="QA_Bootcamp.Ahmed_Test.Test_Search" name="validInvalidSearchTest" time="3.716"/>
  <testcase classname="QA_Bootcamp.Ahmed_Test.Test_Search" name="validInvalidSearchTest" time="2.777"/>
  <testcase classname="QA_Bootcamp.Ahmed_Test.Test_Search" name="validInvalidSearchTest" time="3.270"/>
  <testcase classname="QA_Bootcamp.Ahmed_Test.Test_Search" name="validInvalidSearchTest" time="3.672"/>
  <testcase classname="QA_Bootcamp.Ahmed_Test.Test_Search" name="validInvalidSearchTest" time="3.424"/>
  <testcase classname="QA_Bootcamp.Ahmed_Test.Test_Search" name="resetSearchBarTest" time="5.360"/>
  <testcase classname="QA_Bootcamp.Ahmed_Test.Test_Search" name="resetSearchBarTest" time="4.431"/>
  <testcase classname="QA_Bootcamp.Ahmed_Test.Test_Search" name="resetSearchBarTest" time="4.424"/>
  <testcase classname="QA_Bootcamp.Ahmed_Test.Test_Search" name="resetSearchBarTest" time="3.891"/>
  <testcase classname="QA_Bootcamp.Ahmed_Test.Test_Search" name="collapseArrowTest" time="0.795"/>
</testsuite> <!-- QA_Bootcamp.Ahmed_Test.Test_Search -->
